{"C:\\Users\\frede\\OneDrive\\Documents\\programmierung\\lebenslauf\\src\\components\\FsPerson.vue": {"path":"C:\\Users\\frede\\OneDrive\\Documents\\programmierung\\lebenslauf\\src\\components\\FsPerson.vue","statementMap":{"0":{"start":{"line":32,"column":0},"end":{"line":32,"column":null}}},"fnMap":{"0":{"name":"data","decl":{"start":{"line":31,"column":0},"end":{"line":31,"column":null}},"loc":{"start":{"line":31,"column":0},"end":{"line":48,"column":null}}},"1":{"name":"created","decl":{"start":{"line":51,"column":0},"end":{"line":51,"column":null}},"loc":{"start":{"line":51,"column":0},"end":{"line":51,"column":null}}},"2":{"name":"mounted","decl":{"start":{"line":52,"column":0},"end":{"line":52,"column":null}},"loc":{"start":{"line":52,"column":0},"end":{"line":52,"column":null}}}},"branchMap":{},"s":{"0":0},"f":{"0":0,"1":0,"2":0},"b":{}}
,"C:\\Users\\frede\\OneDrive\\Documents\\programmierung\\lebenslauf\\src\\components\\FsSkills.vue": {"path":"C:\\Users\\frede\\OneDrive\\Documents\\programmierung\\lebenslauf\\src\\components\\FsSkills.vue","statementMap":{"0":{"start":{"line":22,"column":0},"end":{"line":22,"column":null}}},"fnMap":{"0":{"name":"data","decl":{"start":{"line":21,"column":0},"end":{"line":21,"column":null}},"loc":{"start":{"line":21,"column":0},"end":{"line":23,"column":null}}},"1":{"name":"created","decl":{"start":{"line":26,"column":0},"end":{"line":26,"column":null}},"loc":{"start":{"line":26,"column":0},"end":{"line":26,"column":null}}},"2":{"name":"mounted","decl":{"start":{"line":27,"column":0},"end":{"line":27,"column":null}},"loc":{"start":{"line":27,"column":0},"end":{"line":27,"column":null}}}},"branchMap":{},"s":{"0":0},"f":{"0":0,"1":0,"2":0},"b":{}}
,"C:\\Users\\frede\\OneDrive\\Documents\\programmierung\\lebenslauf\\src\\components\\FsTimeline.vue": {"path":"C:\\Users\\frede\\OneDrive\\Documents\\programmierung\\lebenslauf\\src\\components\\FsTimeline.vue","statementMap":{"0":{"start":{"line":102,"column":0},"end":{"line":102,"column":null}},"1":{"start":{"line":104,"column":0},"end":{"line":104,"column":null}},"2":{"start":{"line":111,"column":0},"end":{"line":111,"column":null}},"3":{"start":{"line":187,"column":0},"end":{"line":187,"column":null}},"4":{"start":{"line":189,"column":0},"end":{"line":189,"column":null}},"5":{"start":{"line":190,"column":0},"end":{"line":190,"column":null}},"6":{"start":{"line":192,"column":0},"end":{"line":192,"column":null}},"7":{"start":{"line":194,"column":0},"end":{"line":194,"column":null}},"8":{"start":{"line":195,"column":0},"end":{"line":195,"column":null}}},"fnMap":{"0":{"name":"data","decl":{"start":{"line":110,"column":0},"end":{"line":110,"column":null}},"loc":{"start":{"line":110,"column":0},"end":{"line":185,"column":null}}},"1":{"name":"sortedStudiums","decl":{"start":{"line":187,"column":0},"end":{"line":187,"column":null}},"loc":{"start":{"line":187,"column":0},"end":{"line":191,"column":null}}},"2":{"name":"sortedActivities","decl":{"start":{"line":192,"column":0},"end":{"line":192,"column":null}},"loc":{"start":{"line":192,"column":0},"end":{"line":196,"column":null}}},"3":{"name":"created","decl":{"start":{"line":199,"column":0},"end":{"line":199,"column":null}},"loc":{"start":{"line":199,"column":0},"end":{"line":199,"column":null}}},"4":{"name":"mounted","decl":{"start":{"line":200,"column":0},"end":{"line":200,"column":null}},"loc":{"start":{"line":200,"column":0},"end":{"line":200,"column":null}}}},"branchMap":{"0":{"loc":{"start":{"line":189,"column":0},"end":{"line":189,"column":null}},"type":"cond-expr","locations":[{"start":{"line":189,"column":0},"end":{"line":189,"column":null}},{"start":{"line":189,"column":0},"end":{"line":189,"column":null}}]},"1":{"loc":{"start":{"line":194,"column":0},"end":{"line":194,"column":null}},"type":"cond-expr","locations":[{"start":{"line":194,"column":0},"end":{"line":194,"column":null}},{"start":{"line":194,"column":0},"end":{"line":194,"column":null}}]}},"s":{"0":0,"1":0,"2":0,"3":0,"4":0,"5":0,"6":0,"7":0,"8":0},"f":{"0":0,"1":0,"2":0,"3":0,"4":0},"b":{"0":[0,0],"1":[0,0]}}
,"C:\\Users\\frede\\OneDrive\\Documents\\programmierung\\lebenslauf\\src\\components\\_boilerplate.vue": {"path":"C:\\Users\\frede\\OneDrive\\Documents\\programmierung\\lebenslauf\\src\\components\\_boilerplate.vue","statementMap":{"0":{"start":{"line":12,"column":0},"end":{"line":12,"column":null}}},"fnMap":{"0":{"name":"data","decl":{"start":{"line":11,"column":0},"end":{"line":11,"column":null}},"loc":{"start":{"line":11,"column":0},"end":{"line":13,"column":null}}},"1":{"name":"created","decl":{"start":{"line":16,"column":0},"end":{"line":16,"column":null}},"loc":{"start":{"line":16,"column":0},"end":{"line":16,"column":null}}},"2":{"name":"mounted","decl":{"start":{"line":17,"column":0},"end":{"line":17,"column":null}},"loc":{"start":{"line":17,"column":0},"end":{"line":17,"column":null}}}},"branchMap":{},"s":{"0":0},"f":{"0":0,"1":0,"2":0},"b":{}}
,"C:\\Users\\frede\\OneDrive\\Documents\\programmierung\\lebenslauf\\src\\layouts\\MainLayout.vue": {"path":"C:\\Users\\frede\\OneDrive\\Documents\\programmierung\\lebenslauf\\src\\layouts\\MainLayout.vue","statementMap":{"0":{"start":{"line":44,"column":0},"end":{"line":44,"column":null}},"1":{"start":{"line":54,"column":0},"end":{"line":54,"column":null}}},"fnMap":{"0":{"name":"data","decl":{"start":{"line":53,"column":0},"end":{"line":53,"column":null}},"loc":{"start":{"line":53,"column":0},"end":{"line":91,"column":null}}}},"branchMap":{},"s":{"0":0,"1":0},"f":{"0":0},"b":{}}
,"C:\\Users\\frede\\OneDrive\\Documents\\programmierung\\lebenslauf\\src\\pages\\Index.vue": {"path":"C:\\Users\\frede\\OneDrive\\Documents\\programmierung\\lebenslauf\\src\\pages\\Index.vue","statementMap":{"0":{"start":{"line":10,"column":0},"end":{"line":10,"column":null}},"1":{"start":{"line":11,"column":0},"end":{"line":11,"column":null}},"2":{"start":{"line":12,"column":0},"end":{"line":12,"column":null}}},"fnMap":{},"branchMap":{},"s":{"0":0,"1":0,"2":0},"f":{},"b":{}}
,"C:\\Users\\frede\\OneDrive\\Documents\\programmierung\\lebenslauf\\src\\router\\index.js": {"path":"C:\\Users\\frede\\OneDrive\\Documents\\programmierung\\lebenslauf\\src\\router\\index.js","statementMap":{"0":{"start":{"line":6,"column":0},"end":{"line":6,"column":19}},"1":{"start":{"line":18,"column":17},"end":{"line":27,"column":4}},"2":{"start":{"line":19,"column":27},"end":{"line":19,"column":41}},"3":{"start":{"line":29,"column":2},"end":{"line":29,"column":16}}},"fnMap":{"0":{"name":"(anonymous_0)","decl":{"start":{"line":17,"column":15},"end":{"line":17,"column":16}},"loc":{"start":{"line":17,"column":54},"end":{"line":30,"column":1}},"line":17},"1":{"name":"(anonymous_1)","decl":{"start":{"line":19,"column":20},"end":{"line":19,"column":21}},"loc":{"start":{"line":19,"column":27},"end":{"line":19,"column":41}},"line":19}},"branchMap":{},"s":{"0":0,"1":0,"2":0,"3":0},"f":{"0":0,"1":0},"b":{},"hash":"3e7bd3e860b83eddce1b0c14a6e8ff5003ec6409"}
,"C:\\Users\\frede\\OneDrive\\Documents\\programmierung\\lebenslauf\\src\\router\\routes.js": {"path":"C:\\Users\\frede\\OneDrive\\Documents\\programmierung\\lebenslauf\\src\\router\\routes.js","statementMap":{"0":{"start":{"line":2,"column":15},"end":{"line":10,"column":1}},"1":{"start":{"line":5,"column":21},"end":{"line":5,"column":53}},"2":{"start":{"line":7,"column":35},"end":{"line":7,"column":60}},"3":{"start":{"line":13,"column":0},"end":{"line":18,"column":1}},"4":{"start":{"line":14,"column":2},"end":{"line":17,"column":5}},"5":{"start":{"line":16,"column":21},"end":{"line":16,"column":49}}},"fnMap":{"0":{"name":"(anonymous_0)","decl":{"start":{"line":5,"column":15},"end":{"line":5,"column":16}},"loc":{"start":{"line":5,"column":21},"end":{"line":5,"column":53}},"line":5},"1":{"name":"(anonymous_1)","decl":{"start":{"line":7,"column":29},"end":{"line":7,"column":30}},"loc":{"start":{"line":7,"column":35},"end":{"line":7,"column":60}},"line":7},"2":{"name":"(anonymous_2)","decl":{"start":{"line":16,"column":15},"end":{"line":16,"column":16}},"loc":{"start":{"line":16,"column":21},"end":{"line":16,"column":49}},"line":16}},"branchMap":{"0":{"loc":{"start":{"line":13,"column":0},"end":{"line":18,"column":1}},"type":"if","locations":[{"start":{"line":13,"column":0},"end":{"line":18,"column":1}},{"start":{"line":13,"column":0},"end":{"line":18,"column":1}}],"line":13}},"s":{"0":0,"1":0,"2":0,"3":0,"4":0,"5":0},"f":{"0":0,"1":0,"2":0},"b":{"0":[0,0]},"hash":"a996944bb6979d631a028557063854868be14d28"}
,"C:\\Users\\frede\\OneDrive\\Documents\\programmierung\\lebenslauf\\src\\store\\index.js": {"path":"C:\\Users\\frede\\OneDrive\\Documents\\programmierung\\lebenslauf\\src\\store\\index.js","statementMap":{"0":{"start":{"line":6,"column":0},"end":{"line":6,"column":14}},"1":{"start":{"line":9,"column":16},"end":{"line":15,"column":4}},"2":{"start":{"line":17,"column":2},"end":{"line":17,"column":15}}},"fnMap":{"0":{"name":"(anonymous_0)","decl":{"start":{"line":8,"column":15},"end":{"line":8,"column":16}},"loc":{"start":{"line":8,"column":47},"end":{"line":18,"column":1}},"line":8}},"branchMap":{},"s":{"0":0,"1":0,"2":0},"f":{"0":0},"b":{},"hash":"9ff057920fbf4b7bfe50eb9ee78c858e98f2555f"}
,"C:\\Users\\frede\\OneDrive\\Documents\\programmierung\\lebenslauf\\src\\store\\module-example\\actions.js": {"path":"C:\\Users\\frede\\OneDrive\\Documents\\programmierung\\lebenslauf\\src\\store\\module-example\\actions.js","statementMap":{},"fnMap":{"0":{"name":"someAction","decl":{"start":{"line":1,"column":16},"end":{"line":1,"column":26}},"loc":{"start":{"line":1,"column":43},"end":{"line":2,"column":1}},"line":1}},"branchMap":{},"s":{},"f":{"0":0},"b":{},"hash":"80195c6d66944229369969c4936676f799b72248"}
,"C:\\Users\\frede\\OneDrive\\Documents\\programmierung\\lebenslauf\\src\\store\\module-example\\getters.js": {"path":"C:\\Users\\frede\\OneDrive\\Documents\\programmierung\\lebenslauf\\src\\store\\module-example\\getters.js","statementMap":{},"fnMap":{"0":{"name":"someGetter","decl":{"start":{"line":1,"column":16},"end":{"line":1,"column":26}},"loc":{"start":{"line":1,"column":41},"end":{"line":2,"column":1}},"line":1}},"branchMap":{},"s":{},"f":{"0":0},"b":{},"hash":"9a3d63654754152b55c8b0d7112946be7c65db50"}
,"C:\\Users\\frede\\OneDrive\\Documents\\programmierung\\lebenslauf\\src\\store\\module-example\\index.js": {"path":"C:\\Users\\frede\\OneDrive\\Documents\\programmierung\\lebenslauf\\src\\store\\module-example\\index.js","statementMap":{},"fnMap":{},"branchMap":{},"s":{},"f":{},"b":{},"hash":"4ceff05131df9e80df83d5ab2277b752b3df2b6b"}
,"C:\\Users\\frede\\OneDrive\\Documents\\programmierung\\lebenslauf\\src\\store\\module-example\\mutations.js": {"path":"C:\\Users\\frede\\OneDrive\\Documents\\programmierung\\lebenslauf\\src\\store\\module-example\\mutations.js","statementMap":{},"fnMap":{"0":{"name":"someMutation","decl":{"start":{"line":1,"column":16},"end":{"line":1,"column":28}},"loc":{"start":{"line":1,"column":43},"end":{"line":2,"column":1}},"line":1}},"branchMap":{},"s":{},"f":{"0":0},"b":{},"hash":"20178becaf7b71072858704f9294f38fbd8e85c4"}
,"C:\\Users\\frede\\OneDrive\\Documents\\programmierung\\lebenslauf\\src\\store\\module-example\\state.js": {"path":"C:\\Users\\frede\\OneDrive\\Documents\\programmierung\\lebenslauf\\src\\store\\module-example\\state.js","statementMap":{"0":{"start":{"line":2,"column":2},"end":{"line":4,"column":4}}},"fnMap":{"0":{"name":"(anonymous_0)","decl":{"start":{"line":1,"column":15},"end":{"line":1,"column":16}},"loc":{"start":{"line":1,"column":27},"end":{"line":5,"column":1}},"line":1}},"branchMap":{},"s":{"0":0},"f":{"0":0},"b":{},"hash":"65494ec618d5f8199316ebc872e73d80864dea8e"}
}
