TN:
SF:C:\Users\frede\OneDrive\Documents\programmierung\lebenslauf\src\components\FsPerson.vue
FN:31,data
FN:51,created
FN:52,mounted
FNF:3
FNH:0
FNDA:0,data
FNDA:0,created
FNDA:0,mounted
DA:32,0
LF:1
LH:0
BRF:0
BRH:0
end_of_record
TN:
SF:C:\Users\frede\OneDrive\Documents\programmierung\lebenslauf\src\components\FsSkills.vue
FN:21,data
FN:26,created
FN:27,mounted
FNF:3
FNH:0
FNDA:0,data
FNDA:0,created
FNDA:0,mounted
DA:22,0
LF:1
LH:0
BRF:0
BRH:0
end_of_record
TN:
SF:C:\Users\frede\OneDrive\Documents\programmierung\lebenslauf\src\components\FsTimeline.vue
FN:110,data
FN:187,sortedStudiums
FN:192,sortedActivities
FN:199,created
FN:200,mounted
FNF:5
FNH:0
FNDA:0,data
FNDA:0,sortedStudiums
FNDA:0,sortedActivities
FNDA:0,created
FNDA:0,mounted
DA:102,0
DA:104,0
DA:111,0
DA:187,0
DA:189,0
DA:190,0
DA:192,0
DA:194,0
DA:195,0
LF:9
LH:0
BRDA:189,0,0,0
BRDA:189,0,1,0
BRDA:194,1,0,0
BRDA:194,1,1,0
BRF:4
BRH:0
end_of_record
TN:
SF:C:\Users\frede\OneDrive\Documents\programmierung\lebenslauf\src\components\_boilerplate.vue
FN:11,data
FN:16,created
FN:17,mounted
FNF:3
FNH:0
FNDA:0,data
FNDA:0,created
FNDA:0,mounted
DA:12,0
LF:1
LH:0
BRF:0
BRH:0
end_of_record
TN:
SF:C:\Users\frede\OneDrive\Documents\programmierung\lebenslauf\src\layouts\MainLayout.vue
FN:53,data
FNF:1
FNH:0
FNDA:0,data
DA:44,0
DA:54,0
LF:2
LH:0
BRF:0
BRH:0
end_of_record
TN:
SF:C:\Users\frede\OneDrive\Documents\programmierung\lebenslauf\src\pages\Index.vue
FNF:0
FNH:0
DA:10,0
DA:11,0
DA:12,0
LF:3
LH:0
BRF:0
BRH:0
end_of_record
TN:
SF:C:\Users\frede\OneDrive\Documents\programmierung\lebenslauf\src\router\index.js
FN:17,(anonymous_0)
FN:19,(anonymous_1)
FNF:2
FNH:0
FNDA:0,(anonymous_0)
FNDA:0,(anonymous_1)
DA:6,0
DA:18,0
DA:19,0
DA:29,0
LF:4
LH:0
BRF:0
BRH:0
end_of_record
TN:
SF:C:\Users\frede\OneDrive\Documents\programmierung\lebenslauf\src\router\routes.js
FN:5,(anonymous_0)
FN:7,(anonymous_1)
FN:16,(anonymous_2)
FNF:3
FNH:0
FNDA:0,(anonymous_0)
FNDA:0,(anonymous_1)
FNDA:0,(anonymous_2)
DA:2,0
DA:5,0
DA:7,0
DA:13,0
DA:14,0
DA:16,0
LF:6
LH:0
BRDA:13,0,0,0
BRDA:13,0,1,0
BRF:2
BRH:0
end_of_record
TN:
SF:C:\Users\frede\OneDrive\Documents\programmierung\lebenslauf\src\store\index.js
FN:8,(anonymous_0)
FNF:1
FNH:0
FNDA:0,(anonymous_0)
DA:6,0
DA:9,0
DA:17,0
LF:3
LH:0
BRF:0
BRH:0
end_of_record
TN:
SF:C:\Users\frede\OneDrive\Documents\programmierung\lebenslauf\src\store\module-example\actions.js
FN:1,someAction
FNF:1
FNH:0
FNDA:0,someAction
LF:0
LH:0
BRF:0
BRH:0
end_of_record
TN:
SF:C:\Users\frede\OneDrive\Documents\programmierung\lebenslauf\src\store\module-example\getters.js
FN:1,someGetter
FNF:1
FNH:0
FNDA:0,someGetter
LF:0
LH:0
BRF:0
BRH:0
end_of_record
TN:
SF:C:\Users\frede\OneDrive\Documents\programmierung\lebenslauf\src\store\module-example\index.js
FNF:0
FNH:0
LF:0
LH:0
BRF:0
BRH:0
end_of_record
TN:
SF:C:\Users\frede\OneDrive\Documents\programmierung\lebenslauf\src\store\module-example\mutations.js
FN:1,someMutation
FNF:1
FNH:0
FNDA:0,someMutation
LF:0
LH:0
BRF:0
BRH:0
end_of_record
TN:
SF:C:\Users\frede\OneDrive\Documents\programmierung\lebenslauf\src\store\module-example\state.js
FN:1,(anonymous_0)
FNF:1
FNH:0
FNDA:0,(anonymous_0)
DA:2,0
LF:1
LH:0
BRF:0
BRH:0
end_of_record
