<?xml version="1.0" encoding="UTF-8"?>
<coverage generated="1582056003656" clover="3.2.0">
  <project timestamp="1582056003656" name="All files">
    <metrics statements="31" coveredstatements="0" conditionals="6" coveredconditionals="0" methods="25" coveredmethods="0" elements="62" coveredelements="0" complexity="0" loc="31" ncloc="31" packages="6" files="14" classes="14"/>
    <package name="components">
      <metrics statements="12" coveredstatements="0" conditionals="4" coveredconditionals="0" methods="14" coveredmethods="0"/>
      <file name="FsPerson.vue" path="C:\Users\frede\OneDrive\Documents\programmierung\lebenslauf\src\components\FsPerson.vue">
        <metrics statements="1" coveredstatements="0" conditionals="0" coveredconditionals="0" methods="3" coveredmethods="0"/>
        <line num="32" count="0" type="stmt"/>
      </file>
      <file name="FsSkills.vue" path="C:\Users\frede\OneDrive\Documents\programmierung\lebenslauf\src\components\FsSkills.vue">
        <metrics statements="1" coveredstatements="0" conditionals="0" coveredconditionals="0" methods="3" coveredmethods="0"/>
        <line num="22" count="0" type="stmt"/>
      </file>
      <file name="FsTimeline.vue" path="C:\Users\frede\OneDrive\Documents\programmierung\lebenslauf\src\components\FsTimeline.vue">
        <metrics statements="9" coveredstatements="0" conditionals="4" coveredconditionals="0" methods="5" coveredmethods="0"/>
        <line num="102" count="0" type="stmt"/>
        <line num="104" count="0" type="stmt"/>
        <line num="111" count="0" type="stmt"/>
        <line num="187" count="0" type="stmt"/>
        <line num="189" count="0" type="cond" truecount="0" falsecount="2"/>
        <line num="190" count="0" type="stmt"/>
        <line num="192" count="0" type="stmt"/>
        <line num="194" count="0" type="cond" truecount="0" falsecount="2"/>
        <line num="195" count="0" type="stmt"/>
      </file>
      <file name="_boilerplate.vue" path="C:\Users\frede\OneDrive\Documents\programmierung\lebenslauf\src\components\_boilerplate.vue">
        <metrics statements="1" coveredstatements="0" conditionals="0" coveredconditionals="0" methods="3" coveredmethods="0"/>
        <line num="12" count="0" type="stmt"/>
      </file>
    </package>
    <package name="layouts">
      <metrics statements="2" coveredstatements="0" conditionals="0" coveredconditionals="0" methods="1" coveredmethods="0"/>
      <file name="MainLayout.vue" path="C:\Users\frede\OneDrive\Documents\programmierung\lebenslauf\src\layouts\MainLayout.vue">
        <metrics statements="2" coveredstatements="0" conditionals="0" coveredconditionals="0" methods="1" coveredmethods="0"/>
        <line num="44" count="0" type="stmt"/>
        <line num="54" count="0" type="stmt"/>
      </file>
    </package>
    <package name="pages">
      <metrics statements="3" coveredstatements="0" conditionals="0" coveredconditionals="0" methods="0" coveredmethods="0"/>
      <file name="Index.vue" path="C:\Users\frede\OneDrive\Documents\programmierung\lebenslauf\src\pages\Index.vue">
        <metrics statements="3" coveredstatements="0" conditionals="0" coveredconditionals="0" methods="0" coveredmethods="0"/>
        <line num="10" count="0" type="stmt"/>
        <line num="11" count="0" type="stmt"/>
        <line num="12" count="0" type="stmt"/>
      </file>
    </package>
    <package name="router">
      <metrics statements="10" coveredstatements="0" conditionals="2" coveredconditionals="0" methods="5" coveredmethods="0"/>
      <file name="index.js" path="C:\Users\frede\OneDrive\Documents\programmierung\lebenslauf\src\router\index.js">
        <metrics statements="4" coveredstatements="0" conditionals="0" coveredconditionals="0" methods="2" coveredmethods="0"/>
        <line num="6" count="0" type="stmt"/>
        <line num="18" count="0" type="stmt"/>
        <line num="19" count="0" type="stmt"/>
        <line num="29" count="0" type="stmt"/>
      </file>
      <file name="routes.js" path="C:\Users\frede\OneDrive\Documents\programmierung\lebenslauf\src\router\routes.js">
        <metrics statements="6" coveredstatements="0" conditionals="2" coveredconditionals="0" methods="3" coveredmethods="0"/>
        <line num="2" count="0" type="stmt"/>
        <line num="5" count="0" type="stmt"/>
        <line num="7" count="0" type="stmt"/>
        <line num="13" count="0" type="cond" truecount="0" falsecount="2"/>
        <line num="14" count="0" type="stmt"/>
        <line num="16" count="0" type="stmt"/>
      </file>
    </package>
    <package name="store">
      <metrics statements="3" coveredstatements="0" conditionals="0" coveredconditionals="0" methods="1" coveredmethods="0"/>
      <file name="index.js" path="C:\Users\frede\OneDrive\Documents\programmierung\lebenslauf\src\store\index.js">
        <metrics statements="3" coveredstatements="0" conditionals="0" coveredconditionals="0" methods="1" coveredmethods="0"/>
        <line num="6" count="0" type="stmt"/>
        <line num="9" count="0" type="stmt"/>
        <line num="17" count="0" type="stmt"/>
      </file>
    </package>
    <package name="store.module-example">
      <metrics statements="1" coveredstatements="0" conditionals="0" coveredconditionals="0" methods="4" coveredmethods="0"/>
      <file name="actions.js" path="C:\Users\frede\OneDrive\Documents\programmierung\lebenslauf\src\store\module-example\actions.js">
        <metrics statements="0" coveredstatements="0" conditionals="0" coveredconditionals="0" methods="1" coveredmethods="0"/>
      </file>
      <file name="getters.js" path="C:\Users\frede\OneDrive\Documents\programmierung\lebenslauf\src\store\module-example\getters.js">
        <metrics statements="0" coveredstatements="0" conditionals="0" coveredconditionals="0" methods="1" coveredmethods="0"/>
      </file>
      <file name="index.js" path="C:\Users\frede\OneDrive\Documents\programmierung\lebenslauf\src\store\module-example\index.js">
        <metrics statements="0" coveredstatements="0" conditionals="0" coveredconditionals="0" methods="0" coveredmethods="0"/>
      </file>
      <file name="mutations.js" path="C:\Users\frede\OneDrive\Documents\programmierung\lebenslauf\src\store\module-example\mutations.js">
        <metrics statements="0" coveredstatements="0" conditionals="0" coveredconditionals="0" methods="1" coveredmethods="0"/>
      </file>
      <file name="state.js" path="C:\Users\frede\OneDrive\Documents\programmierung\lebenslauf\src\store\module-example\state.js">
        <metrics statements="1" coveredstatements="0" conditionals="0" coveredconditionals="0" methods="1" coveredmethods="0"/>
        <line num="2" count="0" type="stmt"/>
      </file>
    </package>
  </project>
</coverage>
